0 info it worked if it ends with ok
1 verbose cli [ '/Users/jamestalmage/.nvm/v0.10.35/bin/node',
1 verbose cli   '/Users/jamestalmage/.nvm/v0.10.35/bin/npm',
1 verbose cli   'install' ]
2 info using npm@1.4.28
3 info using node@v0.10.35
4 warn package.json karma-ng-test-fixture@0.0.1 No description
5 warn package.json karma-ng-test-fixture@0.0.1 No repository field.
6 warn package.json karma-ng-test-fixture@0.0.1 No README data
7 verbose readDependencies using package.json deps
8 verbose install where, deps [ '/Users/jamestalmage/WebstormProjects/karma-angular-test-utils/example',
8 verbose install   [ 'angular',
8 verbose install     'angular-mocks',
8 verbose install     'karma',
8 verbose install     'karma-mocha',
8 verbose install     'karma-ng-test-utils',
8 verbose install     'karma-phantomjs-launcher',
8 verbose install     'mocha' ] ]
9 info preinstall karma-ng-test-fixture@0.0.1
10 verbose readDependencies using package.json deps
11 verbose cache add [ 'angular@^1.3.14', null ]
12 verbose cache add name=undefined spec="angular@^1.3.14" args=["angular@^1.3.14",null]
13 verbose parsed url { protocol: null,
13 verbose parsed url   slashes: null,
13 verbose parsed url   auth: null,
13 verbose parsed url   host: null,
13 verbose parsed url   port: null,
13 verbose parsed url   hostname: null,
13 verbose parsed url   hash: null,
13 verbose parsed url   search: null,
13 verbose parsed url   query: null,
13 verbose parsed url   pathname: 'angular@^1.3.14',
13 verbose parsed url   path: 'angular@^1.3.14',
13 verbose parsed url   href: 'angular@^1.3.14' }
14 verbose cache add [ 'angular-mocks@^1.3.14', null ]
15 verbose cache add name=undefined spec="angular-mocks@^1.3.14" args=["angular-mocks@^1.3.14",null]
16 verbose parsed url { protocol: null,
16 verbose parsed url   slashes: null,
16 verbose parsed url   auth: null,
16 verbose parsed url   host: null,
16 verbose parsed url   port: null,
16 verbose parsed url   hostname: null,
16 verbose parsed url   hash: null,
16 verbose parsed url   search: null,
16 verbose parsed url   query: null,
16 verbose parsed url   pathname: 'angular-mocks@^1.3.14',
16 verbose parsed url   path: 'angular-mocks@^1.3.14',
16 verbose parsed url   href: 'angular-mocks@^1.3.14' }
17 verbose cache add [ 'karma@^0.12.31', null ]
18 verbose cache add name=undefined spec="karma@^0.12.31" args=["karma@^0.12.31",null]
19 verbose parsed url { protocol: null,
19 verbose parsed url   slashes: null,
19 verbose parsed url   auth: null,
19 verbose parsed url   host: null,
19 verbose parsed url   port: null,
19 verbose parsed url   hostname: null,
19 verbose parsed url   hash: null,
19 verbose parsed url   search: null,
19 verbose parsed url   query: null,
19 verbose parsed url   pathname: 'karma@^0.12.31',
19 verbose parsed url   path: 'karma@^0.12.31',
19 verbose parsed url   href: 'karma@^0.12.31' }
20 verbose cache add [ 'karma-mocha@^0.1.10', null ]
21 verbose cache add name=undefined spec="karma-mocha@^0.1.10" args=["karma-mocha@^0.1.10",null]
22 verbose parsed url { protocol: null,
22 verbose parsed url   slashes: null,
22 verbose parsed url   auth: null,
22 verbose parsed url   host: null,
22 verbose parsed url   port: null,
22 verbose parsed url   hostname: null,
22 verbose parsed url   hash: null,
22 verbose parsed url   search: null,
22 verbose parsed url   query: null,
22 verbose parsed url   pathname: 'karma-mocha@^0.1.10',
22 verbose parsed url   path: 'karma-mocha@^0.1.10',
22 verbose parsed url   href: 'karma-mocha@^0.1.10' }
23 verbose cache add name="angular" spec="^1.3.14" args=["angular","^1.3.14"]
24 verbose parsed url { protocol: null,
24 verbose parsed url   slashes: null,
24 verbose parsed url   auth: null,
24 verbose parsed url   host: null,
24 verbose parsed url   port: null,
24 verbose parsed url   hostname: null,
24 verbose parsed url   hash: null,
24 verbose parsed url   search: null,
24 verbose parsed url   query: null,
24 verbose parsed url   pathname: '^1.3.14',
24 verbose parsed url   path: '^1.3.14',
24 verbose parsed url   href: '^1.3.14' }
25 verbose addNamed [ 'angular', '^1.3.14' ]
26 verbose addNamed [ null, '>=1.3.14-0 <2.0.0-0' ]
27 verbose cache add name="angular-mocks" spec="^1.3.14" args=["angular-mocks","^1.3.14"]
28 verbose parsed url { protocol: null,
28 verbose parsed url   slashes: null,
28 verbose parsed url   auth: null,
28 verbose parsed url   host: null,
28 verbose parsed url   port: null,
28 verbose parsed url   hostname: null,
28 verbose parsed url   hash: null,
28 verbose parsed url   search: null,
28 verbose parsed url   query: null,
28 verbose parsed url   pathname: '^1.3.14',
28 verbose parsed url   path: '^1.3.14',
28 verbose parsed url   href: '^1.3.14' }
29 verbose addNamed [ 'angular-mocks', '^1.3.14' ]
30 verbose addNamed [ null, '>=1.3.14-0 <2.0.0-0' ]
31 verbose cache add name="karma" spec="^0.12.31" args=["karma","^0.12.31"]
32 verbose parsed url { protocol: null,
32 verbose parsed url   slashes: null,
32 verbose parsed url   auth: null,
32 verbose parsed url   host: null,
32 verbose parsed url   port: null,
32 verbose parsed url   hostname: null,
32 verbose parsed url   hash: null,
32 verbose parsed url   search: null,
32 verbose parsed url   query: null,
32 verbose parsed url   pathname: '^0.12.31',
32 verbose parsed url   path: '^0.12.31',
32 verbose parsed url   href: '^0.12.31' }
33 verbose addNamed [ 'karma', '^0.12.31' ]
34 verbose addNamed [ null, '>=0.12.31-0 <0.13.0-0' ]
35 verbose cache add name="karma-mocha" spec="^0.1.10" args=["karma-mocha","^0.1.10"]
36 verbose parsed url { protocol: null,
36 verbose parsed url   slashes: null,
36 verbose parsed url   auth: null,
36 verbose parsed url   host: null,
36 verbose parsed url   port: null,
36 verbose parsed url   hostname: null,
36 verbose parsed url   hash: null,
36 verbose parsed url   search: null,
36 verbose parsed url   query: null,
36 verbose parsed url   pathname: '^0.1.10',
36 verbose parsed url   path: '^0.1.10',
36 verbose parsed url   href: '^0.1.10' }
37 verbose addNamed [ 'karma-mocha', '^0.1.10' ]
38 verbose addNamed [ null, '>=0.1.10-0 <0.2.0-0' ]
39 verbose cache add [ 'karma-ng-test-utils@0.0.1', null ]
40 verbose cache add name=undefined spec="karma-ng-test-utils@0.0.1" args=["karma-ng-test-utils@0.0.1",null]
41 verbose parsed url { protocol: null,
41 verbose parsed url   slashes: null,
41 verbose parsed url   auth: null,
41 verbose parsed url   host: null,
41 verbose parsed url   port: null,
41 verbose parsed url   hostname: null,
41 verbose parsed url   hash: null,
41 verbose parsed url   search: null,
41 verbose parsed url   query: null,
41 verbose parsed url   pathname: 'karma-ng-test-utils@0.0.1',
41 verbose parsed url   path: 'karma-ng-test-utils@0.0.1',
41 verbose parsed url   href: 'karma-ng-test-utils@0.0.1' }
42 verbose cache add [ 'karma-phantomjs-launcher@^0.1.4', null ]
43 verbose cache add name=undefined spec="karma-phantomjs-launcher@^0.1.4" args=["karma-phantomjs-launcher@^0.1.4",null]
44 verbose parsed url { protocol: null,
44 verbose parsed url   slashes: null,
44 verbose parsed url   auth: null,
44 verbose parsed url   host: null,
44 verbose parsed url   port: null,
44 verbose parsed url   hostname: null,
44 verbose parsed url   hash: null,
44 verbose parsed url   search: null,
44 verbose parsed url   query: null,
44 verbose parsed url   pathname: 'karma-phantomjs-launcher@^0.1.4',
44 verbose parsed url   path: 'karma-phantomjs-launcher@^0.1.4',
44 verbose parsed url   href: 'karma-phantomjs-launcher@^0.1.4' }
45 silly lockFile d30c7060-angular-1-3-14 angular@^1.3.14
46 verbose lock angular@^1.3.14 /Users/jamestalmage/.npm/d30c7060-angular-1-3-14.lock
47 silly lockFile e8dd6f3b-angular-mocks-1-3-14 angular-mocks@^1.3.14
48 verbose lock angular-mocks@^1.3.14 /Users/jamestalmage/.npm/e8dd6f3b-angular-mocks-1-3-14.lock
49 silly lockFile 7ba4ac91-karma-0-12-31 karma@^0.12.31
50 verbose lock karma@^0.12.31 /Users/jamestalmage/.npm/7ba4ac91-karma-0-12-31.lock
51 silly lockFile 107ac819-karma-mocha-0-1-10 karma-mocha@^0.1.10
52 verbose lock karma-mocha@^0.1.10 /Users/jamestalmage/.npm/107ac819-karma-mocha-0-1-10.lock
53 verbose cache add name="karma-ng-test-utils" spec="0.0.1" args=["karma-ng-test-utils","0.0.1"]
54 verbose parsed url { protocol: null,
54 verbose parsed url   slashes: null,
54 verbose parsed url   auth: null,
54 verbose parsed url   host: null,
54 verbose parsed url   port: null,
54 verbose parsed url   hostname: null,
54 verbose parsed url   hash: null,
54 verbose parsed url   search: null,
54 verbose parsed url   query: null,
54 verbose parsed url   pathname: '0.0.1',
54 verbose parsed url   path: '0.0.1',
54 verbose parsed url   href: '0.0.1' }
55 verbose addNamed [ 'karma-ng-test-utils', '0.0.1' ]
56 verbose addNamed [ '0.0.1', '0.0.1' ]
57 silly lockFile 6afff27b-karma-ng-test-utils-0-0-1 karma-ng-test-utils@0.0.1
58 verbose lock karma-ng-test-utils@0.0.1 /Users/jamestalmage/.npm/6afff27b-karma-ng-test-utils-0-0-1.lock
59 verbose cache add [ 'mocha@^2.1.0', null ]
60 verbose cache add name=undefined spec="mocha@^2.1.0" args=["mocha@^2.1.0",null]
61 verbose parsed url { protocol: null,
61 verbose parsed url   slashes: null,
61 verbose parsed url   auth: null,
61 verbose parsed url   host: null,
61 verbose parsed url   port: null,
61 verbose parsed url   hostname: null,
61 verbose parsed url   hash: null,
61 verbose parsed url   search: null,
61 verbose parsed url   query: null,
61 verbose parsed url   pathname: 'mocha@^2.1.0',
61 verbose parsed url   path: 'mocha@^2.1.0',
61 verbose parsed url   href: 'mocha@^2.1.0' }
62 verbose cache add name="karma-phantomjs-launcher" spec="^0.1.4" args=["karma-phantomjs-launcher","^0.1.4"]
63 verbose parsed url { protocol: null,
63 verbose parsed url   slashes: null,
63 verbose parsed url   auth: null,
63 verbose parsed url   host: null,
63 verbose parsed url   port: null,
63 verbose parsed url   hostname: null,
63 verbose parsed url   hash: null,
63 verbose parsed url   search: null,
63 verbose parsed url   query: null,
63 verbose parsed url   pathname: '^0.1.4',
63 verbose parsed url   path: '^0.1.4',
63 verbose parsed url   href: '^0.1.4' }
64 verbose addNamed [ 'karma-phantomjs-launcher', '^0.1.4' ]
65 verbose addNamed [ null, '>=0.1.4-0 <0.2.0-0' ]
66 silly lockFile a2b6b896-karma-phantomjs-launcher-0-1-4 karma-phantomjs-launcher@^0.1.4
67 verbose lock karma-phantomjs-launcher@^0.1.4 /Users/jamestalmage/.npm/a2b6b896-karma-phantomjs-launcher-0-1-4.lock
68 verbose cache add name="mocha" spec="^2.1.0" args=["mocha","^2.1.0"]
69 verbose parsed url { protocol: null,
69 verbose parsed url   slashes: null,
69 verbose parsed url   auth: null,
69 verbose parsed url   host: null,
69 verbose parsed url   port: null,
69 verbose parsed url   hostname: null,
69 verbose parsed url   hash: null,
69 verbose parsed url   search: null,
69 verbose parsed url   query: null,
69 verbose parsed url   pathname: '^2.1.0',
69 verbose parsed url   path: '^2.1.0',
69 verbose parsed url   href: '^2.1.0' }
70 verbose addNamed [ 'mocha', '^2.1.0' ]
71 verbose addNamed [ null, '>=2.1.0-0 <3.0.0-0' ]
72 silly lockFile b4c3a29c-mocha-2-1-0 mocha@^2.1.0
73 verbose lock mocha@^2.1.0 /Users/jamestalmage/.npm/b4c3a29c-mocha-2-1-0.lock
74 silly addNameRange { name: 'angular', range: '>=1.3.14-0 <2.0.0-0', hasData: false }
75 silly addNameRange { name: 'angular-mocks',
75 silly addNameRange   range: '>=1.3.14-0 <2.0.0-0',
75 silly addNameRange   hasData: false }
76 silly addNameRange { name: 'karma', range: '>=0.12.31-0 <0.13.0-0', hasData: false }
77 silly addNameRange { name: 'karma-mocha',
77 silly addNameRange   range: '>=0.1.10-0 <0.2.0-0',
77 silly addNameRange   hasData: false }
78 silly addNameRange { name: 'karma-phantomjs-launcher',
78 silly addNameRange   range: '>=0.1.4-0 <0.2.0-0',
78 silly addNameRange   hasData: false }
79 verbose request where is /karma-ng-test-utils
80 verbose request registry https://registry.npmjs.org/
81 verbose request id fd05491705d1a258
82 verbose url raw /karma-ng-test-utils
83 verbose url resolving [ 'https://registry.npmjs.org/', './karma-ng-test-utils' ]
84 verbose url resolved https://registry.npmjs.org/karma-ng-test-utils
85 verbose request where is https://registry.npmjs.org/karma-ng-test-utils
86 info trying registry request attempt 1 at 03:14:32
87 http GET https://registry.npmjs.org/karma-ng-test-utils
88 silly addNameRange { name: 'mocha', range: '>=2.1.0-0 <3.0.0-0', hasData: false }
89 verbose request where is /angular
90 verbose request registry https://registry.npmjs.org/
91 verbose url raw /angular
92 verbose url resolving [ 'https://registry.npmjs.org/', './angular' ]
93 verbose url resolved https://registry.npmjs.org/angular
94 verbose request where is https://registry.npmjs.org/angular
95 info trying registry request attempt 1 at 03:14:32
96 verbose etag "ABO1TENEIBZ8ERAC87GETHDHD"
97 http GET https://registry.npmjs.org/angular
98 verbose request where is /angular-mocks
99 verbose request registry https://registry.npmjs.org/
100 verbose url raw /angular-mocks
101 verbose url resolving [ 'https://registry.npmjs.org/', './angular-mocks' ]
102 verbose url resolved https://registry.npmjs.org/angular-mocks
103 verbose request where is https://registry.npmjs.org/angular-mocks
104 info trying registry request attempt 1 at 03:14:32
105 verbose etag "9DDQFEICO5KWUHVB84TCLV7BN"
106 http GET https://registry.npmjs.org/angular-mocks
107 verbose request where is /karma-mocha
108 verbose request registry https://registry.npmjs.org/
109 verbose url raw /karma-mocha
110 verbose url resolving [ 'https://registry.npmjs.org/', './karma-mocha' ]
111 verbose url resolved https://registry.npmjs.org/karma-mocha
112 verbose request where is https://registry.npmjs.org/karma-mocha
113 info trying registry request attempt 1 at 03:14:32
114 verbose etag "1MV6F5PQQP90QT2WBNEHKEA2M"
115 http GET https://registry.npmjs.org/karma-mocha
116 verbose request where is /karma-phantomjs-launcher
117 verbose request registry https://registry.npmjs.org/
118 verbose url raw /karma-phantomjs-launcher
119 verbose url resolving [ 'https://registry.npmjs.org/', './karma-phantomjs-launcher' ]
120 verbose url resolved https://registry.npmjs.org/karma-phantomjs-launcher
121 verbose request where is https://registry.npmjs.org/karma-phantomjs-launcher
122 info trying registry request attempt 1 at 03:14:32
123 verbose etag "8OFXL875Z163A8SOU75KDC4B7"
124 http GET https://registry.npmjs.org/karma-phantomjs-launcher
125 verbose request where is /karma
126 verbose request registry https://registry.npmjs.org/
127 verbose url raw /karma
128 verbose url resolving [ 'https://registry.npmjs.org/', './karma' ]
129 verbose url resolved https://registry.npmjs.org/karma
130 verbose request where is https://registry.npmjs.org/karma
131 info trying registry request attempt 1 at 03:14:32
132 verbose etag "EGC4AQNGNZNAOYWDVHBHCX6R"
133 http GET https://registry.npmjs.org/karma
134 verbose request where is /mocha
135 verbose request registry https://registry.npmjs.org/
136 verbose url raw /mocha
137 verbose url resolving [ 'https://registry.npmjs.org/', './mocha' ]
138 verbose url resolved https://registry.npmjs.org/mocha
139 verbose request where is https://registry.npmjs.org/mocha
140 info trying registry request attempt 1 at 03:14:32
141 verbose etag "AKAXW8FW2N5ASQPKZOQAZP8GB"
142 http GET https://registry.npmjs.org/mocha
143 http 304 https://registry.npmjs.org/karma-phantomjs-launcher
144 silly registry.get cb [ 304,
144 silly registry.get   { date: 'Thu, 26 Feb 2015 08:14:33 GMT',
144 silly registry.get     server: 'Apache',
144 silly registry.get     via: '1.1 varnish',
144 silly registry.get     'last-modified': 'Thu, 26 Feb 2015 08:14:33 GMT',
144 silly registry.get     'cache-control': 'max-age=60',
144 silly registry.get     etag: '"8OFXL875Z163A8SOU75KDC4B7"',
144 silly registry.get     age: '24',
144 silly registry.get     'x-served-by': 'cache-dfw1833-DFW',
144 silly registry.get     'x-cache': 'HIT',
144 silly registry.get     'x-cache-hits': '1',
144 silly registry.get     'x-timer': 'S1424938473.339680,VS0,VE0',
144 silly registry.get     vary: 'Accept',
144 silly registry.get     'content-length': '0',
144 silly registry.get     'keep-alive': 'timeout=10, max=50',
144 silly registry.get     connection: 'Keep-Alive' } ]
145 verbose etag https://registry.npmjs.org/karma-phantomjs-launcher from cache
146 silly addNameRange number 2 { name: 'karma-phantomjs-launcher',
146 silly addNameRange   range: '>=0.1.4-0 <0.2.0-0',
146 silly addNameRange   hasData: true }
147 silly addNameRange versions [ 'karma-phantomjs-launcher',
147 silly addNameRange   [ '0.0.1',
147 silly addNameRange     '0.0.2',
147 silly addNameRange     '0.0.3',
147 silly addNameRange     '0.1.0',
147 silly addNameRange     '0.1.1',
147 silly addNameRange     '0.1.2',
147 silly addNameRange     '0.1.3',
147 silly addNameRange     '0.1.4' ] ]
148 verbose addNamed [ 'karma-phantomjs-launcher', '0.1.4' ]
149 verbose addNamed [ '0.1.4', '0.1.4' ]
150 silly lockFile 5b4ecc13-karma-phantomjs-launcher-0-1-4 karma-phantomjs-launcher@0.1.4
151 verbose lock karma-phantomjs-launcher@0.1.4 /Users/jamestalmage/.npm/5b4ecc13-karma-phantomjs-launcher-0-1-4.lock
152 silly lockFile 5b4ecc13-karma-phantomjs-launcher-0-1-4 karma-phantomjs-launcher@0.1.4
153 silly lockFile 5b4ecc13-karma-phantomjs-launcher-0-1-4 karma-phantomjs-launcher@0.1.4
154 silly lockFile a2b6b896-karma-phantomjs-launcher-0-1-4 karma-phantomjs-launcher@^0.1.4
155 silly lockFile a2b6b896-karma-phantomjs-launcher-0-1-4 karma-phantomjs-launcher@^0.1.4
156 http 304 https://registry.npmjs.org/angular
157 silly registry.get cb [ 304,
157 silly registry.get   { date: 'Thu, 26 Feb 2015 08:14:33 GMT',
157 silly registry.get     server: 'Apache',
157 silly registry.get     via: '1.1 varnish',
157 silly registry.get     'last-modified': 'Thu, 26 Feb 2015 08:14:33 GMT',
157 silly registry.get     'cache-control': 'max-age=60',
157 silly registry.get     etag: '"ABO1TENEIBZ8ERAC87GETHDHD"',
157 silly registry.get     age: '0',
157 silly registry.get     'x-served-by': 'cache-dfw1820-DFW',
157 silly registry.get     'x-cache': 'MISS',
157 silly registry.get     'x-cache-hits': '0',
157 silly registry.get     'x-timer': 'S1424938473.310699,VS0,VE58',
157 silly registry.get     vary: 'Accept',
157 silly registry.get     'content-length': '0',
157 silly registry.get     'keep-alive': 'timeout=10, max=50',
157 silly registry.get     connection: 'Keep-Alive' } ]
158 verbose etag https://registry.npmjs.org/angular from cache
159 silly addNameRange number 2 { name: 'angular', range: '>=1.3.14-0 <2.0.0-0', hasData: true }
160 silly addNameRange versions [ 'angular',
160 silly addNameRange   [ '0.0.1',
160 silly addNameRange     '0.0.1-1',
160 silly addNameRange     '0.0.1-2',
160 silly addNameRange     '0.0.2',
160 silly addNameRange     '0.0.3',
160 silly addNameRange     '0.0.4',
160 silly addNameRange     '1.0.0',
160 silly addNameRange     '1.0.1',
160 silly addNameRange     '1.0.2',
160 silly addNameRange     '1.0.3',
160 silly addNameRange     '1.0.4',
160 silly addNameRange     '1.0.5',
160 silly addNameRange     '1.0.6',
160 silly addNameRange     '1.0.7',
160 silly addNameRange     '1.0.8',
160 silly addNameRange     '1.1.0',
160 silly addNameRange     '1.1.1',
160 silly addNameRange     '1.1.2',
160 silly addNameRange     '1.1.3',
160 silly addNameRange     '1.1.4',
160 silly addNameRange     '1.1.5',
160 silly addNameRange     '1.2.0',
160 silly addNameRange     '1.2.1',
160 silly addNameRange     '1.2.2',
160 silly addNameRange     '1.2.3',
160 silly addNameRange     '1.2.4',
160 silly addNameRange     '1.2.5',
160 silly addNameRange     '1.2.6',
160 silly addNameRange     '1.2.7',
160 silly addNameRange     '1.2.8',
160 silly addNameRange     '1.2.9',
160 silly addNameRange     '1.2.10',
160 silly addNameRange     '1.2.11',
160 silly addNameRange     '1.2.12',
160 silly addNameRange     '1.2.13',
160 silly addNameRange     '1.2.14',
160 silly addNameRange     '1.2.15',
160 silly addNameRange     '1.2.16',
160 silly addNameRange     '1.2.17',
160 silly addNameRange     '1.2.18',
160 silly addNameRange     '1.2.19',
160 silly addNameRange     '1.2.20',
160 silly addNameRange     '1.2.21',
160 silly addNameRange     '1.2.22',
160 silly addNameRange     '1.2.23',
160 silly addNameRange     '1.3.0-rc.5',
160 silly addNameRange     '1.3.0',
160 silly addNameRange     '1.3.1',
160 silly addNameRange     '1.3.2',
160 silly addNameRange     '1.3.3',
160 silly addNameRange     '1.3.4-build.3588',
160 silly addNameRange     '1.2.27',
160 silly addNameRange     '1.3.4',
160 silly addNameRange     '1.3.5',
160 silly addNameRange     '1.3.36',
160 silly addNameRange     '1.3.6',
160 silly addNameRange     '1.3.7',
160 silly addNameRange     '1.2.28',
160 silly addNameRange     '1.3.8',
160 silly addNameRange     '1.4.0-beta.0',
160 silly addNameRange     '1.3.9',
160 silly addNameRange     '1.3.10',
160 silly addNameRange     '1.4.0-beta.1',
160 silly addNameRange     '1.4.0-beta.2',
160 silly addNameRange     '1.3.11',
160 silly addNameRange     '1.4.0-beta.3',
160 silly addNameRange     '1.3.12',
160 silly addNameRange     '1.3.13',
160 silly addNameRange     '1.4.0-beta.4',
160 silly addNameRange     '1.3.14',
160 silly addNameRange     '1.4.0-beta.5' ] ]
161 verbose addNamed [ 'angular', '1.3.14' ]
162 verbose addNamed [ '1.3.14', '1.3.14' ]
163 silly lockFile d51d9ea2-angular-1-3-14 angular@1.3.14
164 verbose lock angular@1.3.14 /Users/jamestalmage/.npm/d51d9ea2-angular-1-3-14.lock
165 silly lockFile d51d9ea2-angular-1-3-14 angular@1.3.14
166 silly lockFile d51d9ea2-angular-1-3-14 angular@1.3.14
167 silly lockFile d30c7060-angular-1-3-14 angular@^1.3.14
168 silly lockFile d30c7060-angular-1-3-14 angular@^1.3.14
169 http 304 https://registry.npmjs.org/karma
170 silly registry.get cb [ 304,
170 silly registry.get   { date: 'Thu, 26 Feb 2015 08:14:33 GMT',
170 silly registry.get     server: 'Apache',
170 silly registry.get     via: '1.1 varnish',
170 silly registry.get     'last-modified': 'Thu, 26 Feb 2015 08:14:33 GMT',
170 silly registry.get     'cache-control': 'max-age=60',
170 silly registry.get     etag: '"EGC4AQNGNZNAOYWDVHBHCX6R"',
170 silly registry.get     age: '55',
170 silly registry.get     'x-served-by': 'cache-dfw1833-DFW',
170 silly registry.get     'x-cache': 'HIT',
170 silly registry.get     'x-cache-hits': '1',
170 silly registry.get     'x-timer': 'S1424938473.400114,VS0,VE2',
170 silly registry.get     vary: 'Accept',
170 silly registry.get     'content-length': '0',
170 silly registry.get     'keep-alive': 'timeout=10, max=49',
170 silly registry.get     connection: 'Keep-Alive' } ]
171 verbose etag https://registry.npmjs.org/karma from cache
172 silly addNameRange number 2 { name: 'karma', range: '>=0.12.31-0 <0.13.0-0', hasData: true }
173 silly addNameRange versions [ 'karma',
173 silly addNameRange   [ '0.8.0',
173 silly addNameRange     '0.9.0-dart',
173 silly addNameRange     '0.8.1',
173 silly addNameRange     '0.8.2',
173 silly addNameRange     '0.8.3',
173 silly addNameRange     '0.9.0',
173 silly addNameRange     '0.8.4',
173 silly addNameRange     '0.9.1',
173 silly addNameRange     '0.8.5',
173 silly addNameRange     '0.9.2',
173 silly addNameRange     '0.9.2-dart',
173 silly addNameRange     '0.9.3',
173 silly addNameRange     '0.8.6',
173 silly addNameRange     '0.9.4',
173 silly addNameRange     '0.8.7',
173 silly addNameRange     '0.9.5',
173 silly addNameRange     '0.9.6',
173 silly addNameRange     '0.8.8',
173 silly addNameRange     '0.9.7',
173 silly addNameRange     '0.9.8',
173 silly addNameRange     '0.10.0',
173 silly addNameRange     '0.10.1',
173 silly addNameRange     '0.10.2',
173 silly addNameRange     '0.11.0',
173 silly addNameRange     '0.11.1',
173 silly addNameRange     '0.10.3',
173 silly addNameRange     '0.10.4',
173 silly addNameRange     '0.11.2',
173 silly addNameRange     '0.11.3',
173 silly addNameRange     '0.10.5',
173 silly addNameRange     '0.11.4',
173 silly addNameRange     '0.11.5',
173 silly addNameRange     '0.10.6',
173 silly addNameRange     '0.11.6',
173 silly addNameRange     '0.10.7',
173 silly addNameRange     '0.11.7',
173 silly addNameRange     '0.11.8',
173 silly addNameRange     '0.11.9',
173 silly addNameRange     '0.10.8',
173 silly addNameRange     '0.11.10',
173 silly addNameRange     '0.11.11',
173 silly addNameRange     '0.11.12',
173 silly addNameRange     '0.11.11-dev',
173 silly addNameRange     '0.10.9',
173 silly addNameRange     '0.11.12-dev',
173 silly addNameRange     '0.11.12-dev2',
173 silly addNameRange     '0.11.13',
173 silly addNameRange     '0.11.14',
173 silly addNameRange     '0.12.0',
173 silly addNameRange     '0.10.10',
173 silly addNameRange     '0.12.1',
173 silly addNameRange     '0.12.2',
173 silly addNameRange     '0.12.3',
173 silly addNameRange     '0.12.4',
173 silly addNameRange     '0.12.5',
173 silly addNameRange     '0.12.6',
173 silly addNameRange     '0.12.6-beta-43e6e28',
173 silly addNameRange     '0.12.7',
173 silly addNameRange     '0.12.8',
173 silly addNameRange     '0.12.9',
173 silly addNameRange     '0.12.10',
173 silly addNameRange     '0.12.11',
173 silly addNameRange     '0.12.12',
173 silly addNameRange     '0.12.11-beta-3029418',
173 silly addNameRange     '0.12.13',
173 silly addNameRange     '0.12.14',
173 silly addNameRange     '0.12.15',
173 silly addNameRange     '0.12.16',
173 silly addNameRange     '0.12.16-beta-905422d',
173 silly addNameRange     '0.12.17',
173 silly addNameRange     '0.12.18',
173 silly addNameRange     '0.12.19',
173 silly addNameRange     '0.12.20',
173 silly addNameRange     '0.12.21',
173 silly addNameRange     '0.12.22',
173 silly addNameRange     '0.12.23',
173 silly addNameRange     '0.12.24',
173 silly addNameRange     '0.12.24-beta-6cf7955',
173 silly addNameRange     '0.12.25',
173 silly addNameRange     '0.12.25-beta-37a7958',
173 silly addNameRange     '0.12.25-beta-ad5bc24',
173 silly addNameRange     '0.12.26',
173 silly addNameRange     '0.12.27',
173 silly addNameRange     '0.12.28',
173 silly addNameRange     '0.12.28-beta-b9be580',
173 silly addNameRange     '0.12.29',
173 silly addNameRange     '0.12.30',
173 silly addNameRange     '0.12.31',
173 silly addNameRange     '0.12.28-beta-f65c864',
173 silly addNameRange     '0.12.24-dev-test',
173 silly addNameRange     '0.12.24-dev-socketio10',
173 silly addNameRange     '0.12.24-dev-socketio10-2',
173 silly addNameRange     '0.12.32-beta.0',
173 silly addNameRange     '0.12.32' ] ]
174 verbose addNamed [ 'karma', '0.12.31' ]
175 verbose addNamed [ '0.12.31', '0.12.31' ]
176 silly lockFile feea9de1-karma-0-12-31 karma@0.12.31
177 verbose lock karma@0.12.31 /Users/jamestalmage/.npm/feea9de1-karma-0-12-31.lock
178 silly lockFile feea9de1-karma-0-12-31 karma@0.12.31
179 silly lockFile feea9de1-karma-0-12-31 karma@0.12.31
180 silly lockFile 7ba4ac91-karma-0-12-31 karma@^0.12.31
181 silly lockFile 7ba4ac91-karma-0-12-31 karma@^0.12.31
182 http 304 https://registry.npmjs.org/mocha
183 silly registry.get cb [ 304,
183 silly registry.get   { date: 'Thu, 26 Feb 2015 08:14:33 GMT',
183 silly registry.get     server: 'Apache',
183 silly registry.get     via: '1.1 varnish',
183 silly registry.get     'last-modified': 'Thu, 26 Feb 2015 08:14:33 GMT',
183 silly registry.get     'cache-control': 'max-age=60',
183 silly registry.get     etag: '"AKAXW8FW2N5ASQPKZOQAZP8GB"',
183 silly registry.get     age: '0',
183 silly registry.get     'x-served-by': 'cache-dfw1820-DFW',
183 silly registry.get     'x-cache': 'HIT',
183 silly registry.get     'x-cache-hits': '1',
183 silly registry.get     'x-timer': 'S1424938473.429748,VS0,VE60',
183 silly registry.get     vary: 'Accept',
183 silly registry.get     'content-length': '0',
183 silly registry.get     'keep-alive': 'timeout=10, max=49',
183 silly registry.get     connection: 'Keep-Alive' } ]
184 verbose etag https://registry.npmjs.org/mocha from cache
185 http 304 https://registry.npmjs.org/angular-mocks
186 silly registry.get cb [ 304,
186 silly registry.get   { date: 'Thu, 26 Feb 2015 08:14:33 GMT',
186 silly registry.get     server: 'Apache',
186 silly registry.get     via: '1.1 varnish',
186 silly registry.get     'last-modified': 'Thu, 26 Feb 2015 08:14:33 GMT',
186 silly registry.get     'cache-control': 'max-age=60',
186 silly registry.get     etag: '"9DDQFEICO5KWUHVB84TCLV7BN"',
186 silly registry.get     age: '0',
186 silly registry.get     'x-served-by': 'cache-dfw1835-DFW',
186 silly registry.get     'x-cache': 'MISS',
186 silly registry.get     'x-cache-hits': '0',
186 silly registry.get     'x-timer': 'S1424938473.312264,VS0,VE180',
186 silly registry.get     vary: 'Accept',
186 silly registry.get     'content-length': '0',
186 silly registry.get     'keep-alive': 'timeout=10, max=50',
186 silly registry.get     connection: 'Keep-Alive' } ]
187 verbose etag https://registry.npmjs.org/angular-mocks from cache
188 silly addNameRange number 2 { name: 'mocha', range: '>=2.1.0-0 <3.0.0-0', hasData: true }
189 silly addNameRange versions [ 'mocha',
189 silly addNameRange   [ '0.0.1-alpha1',
189 silly addNameRange     '0.0.1-alpha2',
189 silly addNameRange     '0.0.1-alpha3',
189 silly addNameRange     '0.0.1-alpha4',
189 silly addNameRange     '0.0.1-alpha5',
189 silly addNameRange     '0.0.1-alpha6',
189 silly addNameRange     '0.0.1',
189 silly addNameRange     '0.0.2',
189 silly addNameRange     '0.0.3',
189 silly addNameRange     '0.0.4',
189 silly addNameRange     '0.0.5',
189 silly addNameRange     '0.0.6',
189 silly addNameRange     '0.0.7',
189 silly addNameRange     '0.0.8',
189 silly addNameRange     '0.1.0',
189 silly addNameRange     '0.2.0',
189 silly addNameRange     '0.3.0',
189 silly addNameRange     '0.3.1',
189 silly addNameRange     '0.3.2',
189 silly addNameRange     '0.3.3',
189 silly addNameRange     '0.3.4',
189 silly addNameRange     '0.3.6',
189 silly addNameRange     '0.4.0',
189 silly addNameRange     '0.5.0',
189 silly addNameRange     '0.6.0',
189 silly addNameRange     '0.7.0',
189 silly addNameRange     '0.7.1',
189 silly addNameRange     '0.8.0',
189 silly addNameRange     '0.8.1',
189 silly addNameRange     '0.9.0',
189 silly addNameRange     '0.10.0',
189 silly addNameRange     '0.10.1',
189 silly addNameRange     '0.10.2',
189 silly addNameRange     '0.11.0',
189 silly addNameRange     '0.12.0',
189 silly addNameRange     '0.12.1',
189 silly addNameRange     '0.13.0',
189 silly addNameRange     '0.14.0',
189 silly addNameRange     '0.14.1',
189 silly addNameRange     '1.0.0',
189 silly addNameRange     '1.0.1',
189 silly addNameRange     '1.0.2',
189 silly addNameRange     '1.0.3',
189 silly addNameRange     '1.1.0',
189 silly addNameRange     '1.2.0',
189 silly addNameRange     '1.2.1',
189 silly addNameRange     '1.2.2',
189 silly addNameRange     '1.3.0',
189 silly addNameRange     '1.3.1',
189 silly addNameRange     '1.3.2',
189 silly addNameRange     '1.4.0',
189 silly addNameRange     '1.4.1',
189 silly addNameRange     '1.4.2',
189 silly addNameRange     '1.4.3',
189 silly addNameRange     '1.5.0',
189 silly addNameRange     '1.6.0',
189 silly addNameRange     '1.7.0',
189 silly addNameRange     '1.7.1',
189 silly addNameRange     '1.7.2',
189 silly addNameRange     '1.7.3',
189 silly addNameRange     '1.7.4',
189 silly addNameRange     '1.8.0',
189 silly addNameRange     '1.8.1',
189 silly addNameRange     '1.8.2',
189 silly addNameRange     '1.9.0',
189 silly addNameRange     '1.10.0',
189 silly addNameRange     '1.11.0',
189 silly addNameRange     '1.12.0',
189 silly addNameRange     '1.12.1',
189 silly addNameRange     '1.13.0',
189 silly addNameRange     '1.14.0',
189 silly addNameRange     '1.15.0',
189 silly addNameRange     '1.15.1',
189 silly addNameRange     '1.16.0',
189 silly addNameRange     '1.16.1',
189 silly addNameRange     '1.16.2',
189 silly addNameRange     '1.17.0',
189 silly addNameRange     '1.17.1',
189 silly addNameRange     '1.18.0',
189 silly addNameRange     '1.18.1',
189 silly addNameRange     '1.18.2',
189 silly addNameRange     '1.19.0',
189 silly addNameRange     '1.20.0',
189 silly addNameRange     '1.20.1',
189 silly addNameRange     '1.21.0',
189 silly addNameRange     '1.21.1',
189 silly addNameRange     '1.21.2',
189 silly addNameRange     '1.21.3',
189 silly addNameRange     '1.21.4',
189 silly addNameRange     '1.21.5',
189 silly addNameRange     '2.0.0',
189 silly addNameRange     '2.0.1',
189 silly addNameRange     '2.1.0' ] ]
190 verbose addNamed [ 'mocha', '2.1.0' ]
191 verbose addNamed [ '2.1.0', '2.1.0' ]
192 silly lockFile f9a4f261-mocha-2-1-0 mocha@2.1.0
193 verbose lock mocha@2.1.0 /Users/jamestalmage/.npm/f9a4f261-mocha-2-1-0.lock
194 silly addNameRange number 2 { name: 'angular-mocks',
194 silly addNameRange   range: '>=1.3.14-0 <2.0.0-0',
194 silly addNameRange   hasData: true }
195 silly addNameRange versions [ 'angular-mocks',
195 silly addNameRange   [ '1.2.18',
195 silly addNameRange     '1.2.19',
195 silly addNameRange     '1.2.20',
195 silly addNameRange     '1.2.21',
195 silly addNameRange     '1.2.22',
195 silly addNameRange     '1.2.25',
195 silly addNameRange     '1.3.0-rc.5',
195 silly addNameRange     '1.3.0',
195 silly addNameRange     '1.3.1',
195 silly addNameRange     '1.3.2',
195 silly addNameRange     '1.3.3',
195 silly addNameRange     '1.3.4-build.3588',
195 silly addNameRange     '1.2.27',
195 silly addNameRange     '1.3.4',
195 silly addNameRange     '1.3.5',
195 silly addNameRange     '1.3.36',
195 silly addNameRange     '1.3.6',
195 silly addNameRange     '1.3.7',
195 silly addNameRange     '1.2.28',
195 silly addNameRange     '1.3.8',
195 silly addNameRange     '1.4.0-beta.0',
195 silly addNameRange     '1.3.9',
195 silly addNameRange     '1.3.10',
195 silly addNameRange     '1.4.0-beta.1',
195 silly addNameRange     '1.4.0-beta.2',
195 silly addNameRange     '1.3.11',
195 silly addNameRange     '1.4.0-beta.3',
195 silly addNameRange     '1.3.12',
195 silly addNameRange     '1.3.13',
195 silly addNameRange     '1.4.0-beta.4',
195 silly addNameRange     '1.3.14',
195 silly addNameRange     '1.4.0-beta.5' ] ]
196 verbose addNamed [ 'angular-mocks', '1.3.14' ]
197 verbose addNamed [ '1.3.14', '1.3.14' ]
198 silly lockFile d19cf05d-angular-mocks-1-3-14 angular-mocks@1.3.14
199 verbose lock angular-mocks@1.3.14 /Users/jamestalmage/.npm/d19cf05d-angular-mocks-1-3-14.lock
200 http 304 https://registry.npmjs.org/karma-mocha
201 silly registry.get cb [ 304,
201 silly registry.get   { date: 'Thu, 26 Feb 2015 08:14:33 GMT',
201 silly registry.get     server: 'Apache',
201 silly registry.get     via: '1.1 varnish',
201 silly registry.get     'last-modified': 'Thu, 26 Feb 2015 08:14:33 GMT',
201 silly registry.get     'cache-control': 'max-age=60',
201 silly registry.get     etag: '"1MV6F5PQQP90QT2WBNEHKEA2M"',
201 silly registry.get     age: '0',
201 silly registry.get     'x-served-by': 'cache-dfw1826-DFW',
201 silly registry.get     'x-cache': 'HIT',
201 silly registry.get     'x-cache-hits': '1',
201 silly registry.get     'x-timer': 'S1424938473.310804,VS0,VE194',
201 silly registry.get     vary: 'Accept',
201 silly registry.get     'content-length': '0',
201 silly registry.get     'keep-alive': 'timeout=10, max=50',
201 silly registry.get     connection: 'Keep-Alive' } ]
202 verbose etag https://registry.npmjs.org/karma-mocha from cache
203 silly lockFile f9a4f261-mocha-2-1-0 mocha@2.1.0
204 silly lockFile f9a4f261-mocha-2-1-0 mocha@2.1.0
205 silly lockFile d19cf05d-angular-mocks-1-3-14 angular-mocks@1.3.14
206 silly lockFile d19cf05d-angular-mocks-1-3-14 angular-mocks@1.3.14
207 silly addNameRange number 2 { name: 'karma-mocha',
207 silly addNameRange   range: '>=0.1.10-0 <0.2.0-0',
207 silly addNameRange   hasData: true }
208 silly addNameRange versions [ 'karma-mocha',
208 silly addNameRange   [ '0.0.1',
208 silly addNameRange     '0.0.2',
208 silly addNameRange     '0.0.3',
208 silly addNameRange     '0.0.4',
208 silly addNameRange     '0.1.0',
208 silly addNameRange     '0.1.1',
208 silly addNameRange     '0.1.3',
208 silly addNameRange     '0.1.4',
208 silly addNameRange     '0.1.6',
208 silly addNameRange     '0.1.7',
208 silly addNameRange     '0.1.8',
208 silly addNameRange     '0.1.9',
208 silly addNameRange     '0.1.10' ] ]
209 verbose addNamed [ 'karma-mocha', '0.1.10' ]
210 verbose addNamed [ '0.1.10', '0.1.10' ]
211 silly lockFile 60f7092d-karma-mocha-0-1-10 karma-mocha@0.1.10
212 verbose lock karma-mocha@0.1.10 /Users/jamestalmage/.npm/60f7092d-karma-mocha-0-1-10.lock
213 silly lockFile b4c3a29c-mocha-2-1-0 mocha@^2.1.0
214 silly lockFile b4c3a29c-mocha-2-1-0 mocha@^2.1.0
215 silly lockFile e8dd6f3b-angular-mocks-1-3-14 angular-mocks@^1.3.14
216 silly lockFile e8dd6f3b-angular-mocks-1-3-14 angular-mocks@^1.3.14
217 silly lockFile 60f7092d-karma-mocha-0-1-10 karma-mocha@0.1.10
218 silly lockFile 60f7092d-karma-mocha-0-1-10 karma-mocha@0.1.10
219 silly lockFile 107ac819-karma-mocha-0-1-10 karma-mocha@^0.1.10
220 silly lockFile 107ac819-karma-mocha-0-1-10 karma-mocha@^0.1.10
221 http 404 https://registry.npmjs.org/karma-ng-test-utils
222 verbose headers { date: 'Thu, 26 Feb 2015 08:14:33 GMT',
222 verbose headers   server: 'CouchDB/1.5.0 (Erlang OTP/R16B03)',
222 verbose headers   'content-type': 'application/json',
222 verbose headers   'cache-control': 'max-age=0',
222 verbose headers   'content-length': '52',
222 verbose headers   'accept-ranges': 'bytes',
222 verbose headers   via: '1.1 varnish',
222 verbose headers   age: '0',
222 verbose headers   'x-served-by': 'cache-dfw1834-DFW',
222 verbose headers   'x-cache': 'MISS',
222 verbose headers   'x-cache-hits': '0',
222 verbose headers   'x-timer': 'S1424938473.341549,VS0,VE264',
222 verbose headers   'keep-alive': 'timeout=10, max=50',
222 verbose headers   connection: 'Keep-Alive' }
223 silly registry.get cb [ 404,
223 silly registry.get   { date: 'Thu, 26 Feb 2015 08:14:33 GMT',
223 silly registry.get     server: 'CouchDB/1.5.0 (Erlang OTP/R16B03)',
223 silly registry.get     'content-type': 'application/json',
223 silly registry.get     'cache-control': 'max-age=0',
223 silly registry.get     'content-length': '52',
223 silly registry.get     'accept-ranges': 'bytes',
223 silly registry.get     via: '1.1 varnish',
223 silly registry.get     age: '0',
223 silly registry.get     'x-served-by': 'cache-dfw1834-DFW',
223 silly registry.get     'x-cache': 'MISS',
223 silly registry.get     'x-cache-hits': '0',
223 silly registry.get     'x-timer': 'S1424938473.341549,VS0,VE264',
223 silly registry.get     'keep-alive': 'timeout=10, max=50',
223 silly registry.get     connection: 'Keep-Alive' } ]
224 silly lockFile 6afff27b-karma-ng-test-utils-0-0-1 karma-ng-test-utils@0.0.1
225 silly lockFile 6afff27b-karma-ng-test-utils-0-0-1 karma-ng-test-utils@0.0.1
226 error 404 404 Not Found: karma-ng-test-utils
226 error 404
226 error 404 'karma-ng-test-utils' is not in the npm registry.
226 error 404 You should bug the author to publish it
226 error 404 It was specified as a dependency of 'karma-ng-test-fixture'
226 error 404
226 error 404 Note that you can also install from a
226 error 404 tarball, folder, or http url, or git url.
227 error System Darwin 13.4.0
228 error command "/Users/jamestalmage/.nvm/v0.10.35/bin/node" "/Users/jamestalmage/.nvm/v0.10.35/bin/npm" "install"
229 error cwd /Users/jamestalmage/WebstormProjects/karma-angular-test-utils/example
230 error node -v v0.10.35
231 error npm -v 1.4.28
232 error code E404
233 verbose exit [ 1, true ]
